1615288523050	geckodriver	INFO	Listening on 127.0.0.1:58166
1615288523086	mozrunner::runner	INFO	Running command: "/Applications/Firefox.app/Contents/MacOS/firefox-bin" "--marionette" "-foreground" "-no-remote" "-profile" "/var/folders/vp/yg4fkfm91_3c46ctnh5dtpbh0000gn/T/rust_mozprofileeqSI4e"
2021-03-09 16:45:24.428 firefox-bin[11767:1368480] Warning: Expected min height of view: (<NSButton: 0x13db9d400>) to be less than or equal to 30 but got a height of 32.000000. This error will be logged once per view in violation.
2021-03-09 16:45:24.428 firefox-bin[11767:1368480] Warning: Expected min height of view: (<NSButton: 0x13dba7c00>) to be less than or equal to 30 but got a height of 32.000000. This error will be logged once per view in violation.
2021-03-09 16:45:24.429 firefox-bin[11767:1368480] Warning: Expected min height of view: (<NSButton: 0x13dba7800>) to be less than or equal to 30 but got a height of 32.000000. This error will be logged once per view in violation.
2021-03-09 16:45:24.429 firefox-bin[11767:1368480] Warning: Expected min height of view: (<NSButton: 0x13dba2800>) to be less than or equal to 30 but got a height of 32.000000. This error will be logged once per view in violation.
2021-03-09 16:45:24.430 firefox-bin[11767:1368480] Warning: Expected min height of view: (<NSButton: 0x13dba6800>) to be less than or equal to 30 but got a height of 32.000000. This error will be logged once per view in violation.
2021-03-09 16:45:24.430 firefox-bin[11767:1368480] Warning: Expected min height of view: (<NSPopoverTouchBarItemButton: 0x13dba3800>) to be less than or equal to 30 but got a height of 32.000000. This error will be logged once per view in violation.
2021-03-09 16:45:24.431 firefox-bin[11767:1368480] Warning: Expected min height of view: (<NSPopoverTouchBarItemButton: 0x13e0e2800>) to be less than or equal to 30 but got a height of 32.000000. This error will be logged once per view in violation.
console.warn: SearchSettings: "get: No settings file exists, new profile?" (new Error("", "(unknown module)"))
1615288525583	Marionette	INFO	Listening on port 58171
1615288525670	Marionette	WARN	TLS certificate errors will be ignored for this session
1615288597448	Marionette	INFO	Stopped listening on port 58171

###!!! [Parent][RunMessage] Error: Channel closing: too late to send/recv, messages will be lost

1615289830696	geckodriver	INFO	Listening on 127.0.0.1:59749
1615289830710	mozrunner::runner	INFO	Running command: "/Applications/Firefox.app/Contents/MacOS/firefox-bin" "--marionette" "-foreground" "-no-remote" "-profile" "/var/folders/vp/yg4fkfm91_3c46ctnh5dtpbh0000gn/T/rust_mozprofileR0Tden"
2021-03-09 17:07:12.027 firefox-bin[12096:1385927] Warning: Expected min height of view: (<NSButton: 0x125b76c00>) to be less than or equal to 30 but got a height of 32.000000. This error will be logged once per view in violation.
2021-03-09 17:07:12.028 firefox-bin[12096:1385927] Warning: Expected min height of view: (<NSButton: 0x130eb6800>) to be less than or equal to 30 but got a height of 32.000000. This error will be logged once per view in violation.
2021-03-09 17:07:12.028 firefox-bin[12096:1385927] Warning: Expected min height of view: (<NSButton: 0x130eb6400>) to be less than or equal to 30 but got a height of 32.000000. This error will be logged once per view in violation.
2021-03-09 17:07:12.029 firefox-bin[12096:1385927] Warning: Expected min height of view: (<NSButton: 0x130eba000>) to be less than or equal to 30 but got a height of 32.000000. This error will be logged once per view in violation.
2021-03-09 17:07:12.029 firefox-bin[12096:1385927] Warning: Expected min height of view: (<NSButton: 0x130eb9c00>) to be less than or equal to 30 but got a height of 32.000000. This error will be logged once per view in violation.
2021-03-09 17:07:12.030 firefox-bin[12096:1385927] Warning: Expected min height of view: (<NSPopoverTouchBarItemButton: 0x130ebc800>) to be less than or equal to 30 but got a height of 32.000000. This error will be logged once per view in violation.
2021-03-09 17:07:12.030 firefox-bin[12096:1385927] Warning: Expected min height of view: (<NSPopoverTouchBarItemButton: 0x130ec4400>) to be less than or equal to 30 but got a height of 32.000000. This error will be logged once per view in violation.
console.warn: SearchSettings: "get: No settings file exists, new profile?" (new Error("", "(unknown module)"))
1615289833066	Marionette	INFO	Listening on port 59754
1615289833098	Marionette	WARN	TLS certificate errors will be ignored for this session
1615289836083	Marionette	INFO	Stopped listening on port 59754

###!!! [Parent][RunMessage] Error: Channel closing: too late to send/recv, messages will be lost

1615289836539	geckodriver	INFO	Listening on 127.0.0.1:59892
1615289837553	mozrunner::runner	INFO	Running command: "/Applications/Firefox.app/Contents/MacOS/firefox-bin" "--marionette" "-foreground" "-no-remote" "-profile" "/var/folders/vp/yg4fkfm91_3c46ctnh5dtpbh0000gn/T/rust_mozprofiledJnbCp"
2021-03-09 17:07:18.858 firefox-bin[12102:1386339] Warning: Expected min height of view: (<NSButton: 0x13b2e4c00>) to be less than or equal to 30 but got a height of 32.000000. This error will be logged once per view in violation.
2021-03-09 17:07:18.859 firefox-bin[12102:1386339] Warning: Expected min height of view: (<NSButton: 0x13b581000>) to be less than or equal to 30 but got a height of 32.000000. This error will be logged once per view in violation.
2021-03-09 17:07:18.860 firefox-bin[12102:1386339] Warning: Expected min height of view: (<NSButton: 0x13b581400>) to be less than or equal to 30 but got a height of 32.000000. This error will be logged once per view in violation.
2021-03-09 17:07:18.860 firefox-bin[12102:1386339] Warning: Expected min height of view: (<NSButton: 0x13b582800>) to be less than or equal to 30 but got a height of 32.000000. This error will be logged once per view in violation.
2021-03-09 17:07:18.861 firefox-bin[12102:1386339] Warning: Expected min height of view: (<NSButton: 0x13b584000>) to be less than or equal to 30 but got a height of 32.000000. This error will be logged once per view in violation.
2021-03-09 17:07:18.861 firefox-bin[12102:1386339] Warning: Expected min height of view: (<NSPopoverTouchBarItemButton: 0x13b583000>) to be less than or equal to 30 but got a height of 32.000000. This error will be logged once per view in violation.
2021-03-09 17:07:18.862 firefox-bin[12102:1386339] Warning: Expected min height of view: (<NSPopoverTouchBarItemButton: 0x13b586c00>) to be less than or equal to 30 but got a height of 32.000000. This error will be logged once per view in violation.
console.warn: SearchSettings: "get: No settings file exists, new profile?" (new Error("", "(unknown module)"))
1615289839808	Marionette	INFO	Listening on port 59899
1615289839920	Marionette	WARN	TLS certificate errors will be ignored for this session
1615289842602	Marionette	INFO	Stopped listening on port 59899

###!!! [Parent][RunMessage] Error: Channel closing: too late to send/recv, messages will be lost

1615290639765	geckodriver	INFO	Listening on 127.0.0.1:60143
1615290639766	geckodriver	INFO	Listening on 127.0.0.1:60144
1615290639780	mozrunner::runner	INFO	Running command: "/Applications/Firefox.app/Contents/MacOS/firefox-bin" "--marionette" "-foreground" "-no-remote" "-profile" "/var/folders/vp/yg4fkfm91_3c46ctnh5dtpbh0000gn/T/rust_mozprofileCpCjJO"
1615290639780	mozrunner::runner	INFO	Running command: "/Applications/Firefox.app/Contents/MacOS/firefox-bin" "--marionette" "-foreground" "-no-remote" "-profile" "/var/folders/vp/yg4fkfm91_3c46ctnh5dtpbh0000gn/T/rust_mozprofilesiyY4f"
2021-03-09 17:20:41.216 firefox-bin[12340:1395691] Warning: Expected min height of view: (<NSButton: 0x13ce11400>) to be less than or equal to 30 but got a height of 32.000000. This error will be logged once per view in violation.
2021-03-09 17:20:41.216 firefox-bin[12340:1395691] Warning: Expected min height of view: (<NSButton: 0x13ceb6c00>) to be less than or equal to 30 but got a height of 32.000000. This error will be logged once per view in violation.
2021-03-09 17:20:41.217 firefox-bin[12340:1395691] Warning: Expected min height of view: (<NSButton: 0x13ceb9c00>) to be less than or equal to 30 but got a height of 32.000000. This error will be logged once per view in violation.
2021-03-09 17:20:41.217 firefox-bin[12340:1395691] Warning: Expected min height of view: (<NSButton: 0x13ceb8c00>) to be less than or equal to 30 but got a height of 32.000000. This error will be logged once per view in violation.
2021-03-09 17:20:41.218 firefox-bin[12340:1395691] Warning: Expected min height of view: (<NSButton: 0x13ceb7800>) to be less than or equal to 30 but got a height of 32.000000. This error will be logged once per view in violation.
2021-03-09 17:20:41.218 firefox-bin[12340:1395691] Warning: Expected min height of view: (<NSPopoverTouchBarItemButton: 0x13ceba000>) to be less than or equal to 30 but got a height of 32.000000. This error will be logged once per view in violation.
2021-03-09 17:20:41.219 firefox-bin[12340:1395691] Warning: Expected min height of view: (<NSPopoverTouchBarItemButton: 0x13cebbc00>) to be less than or equal to 30 but got a height of 32.000000. This error will be logged once per view in violation.
2021-03-09 17:20:41.219 firefox-bin[12341:1395692] Warning: Expected min height of view: (<NSButton: 0x12df0e800>) to be less than or equal to 30 but got a height of 32.000000. This error will be logged once per view in violation.
2021-03-09 17:20:41.220 firefox-bin[12341:1395692] Warning: Expected min height of view: (<NSButton: 0x1392d0400>) to be less than or equal to 30 but got a height of 32.000000. This error will be logged once per view in violation.
2021-03-09 17:20:41.220 firefox-bin[12341:1395692] Warning: Expected min height of view: (<NSButton: 0x1392d6400>) to be less than or equal to 30 but got a height of 32.000000. This error will be logged once per view in violation.
2021-03-09 17:20:41.221 firefox-bin[12341:1395692] Warning: Expected min height of view: (<NSButton: 0x1392d7000>) to be less than or equal to 30 but got a height of 32.000000. This error will be logged once per view in violation.
2021-03-09 17:20:41.221 firefox-bin[12341:1395692] Warning: Expected min height of view: (<NSButton: 0x1392d7400>) to be less than or equal to 30 but got a height of 32.000000. This error will be logged once per view in violation.
2021-03-09 17:20:41.222 firefox-bin[12341:1395692] Warning: Expected min height of view: (<NSPopoverTouchBarItemButton: 0x1392d5000>) to be less than or equal to 30 but got a height of 32.000000. This error will be logged once per view in violation.
2021-03-09 17:20:41.222 firefox-bin[12341:1395692] Warning: Expected min height of view: (<NSPopoverTouchBarItemButton: 0x1392da400>) to be less than or equal to 30 but got a height of 32.000000. This error will be logged once per view in violation.
console.warn: SearchSettings: "get: No settings file exists, new profile?" (new Error("", "(unknown module)"))
console.warn: SearchSettings: "get: No settings file exists, new profile?" (new Error("", "(unknown module)"))
1615290642271	Marionette	INFO	Listening on port 60152
1615290642365	Marionette	WARN	TLS certificate errors will be ignored for this session
1615290642389	Marionette	INFO	Listening on port 60154
1615290642464	Marionette	WARN	TLS certificate errors will be ignored for this session
1615290688178	Marionette	INFO	Stopped listening on port 60152

###!!! [Parent][RunMessage] Error: Channel closing: too late to send/recv, messages will be lost

1615290690987	Marionette	INFO	Stopped listening on port 60154

###!!! [Parent][RunMessage] Error: Channel closing: too late to send/recv, messages will be lost

1615290696448	geckodriver	INFO	Listening on 127.0.0.1:60299
1615290696450	geckodriver	INFO	Listening on 127.0.0.1:60300
1615290696465	mozrunner::runner	INFO	Running command: "/Applications/Firefox.app/Contents/MacOS/firefox-bin" "--marionette" "-foreground" "-no-remote" "-profile" "/var/folders/vp/yg4fkfm91_3c46ctnh5dtpbh0000gn/T/rust_mozprofilepLLOxc"
1615290696465	mozrunner::runner	INFO	Running command: "/Applications/Firefox.app/Contents/MacOS/firefox-bin" "--marionette" "-foreground" "-no-remote" "-profile" "/var/folders/vp/yg4fkfm91_3c46ctnh5dtpbh0000gn/T/rust_mozprofileusuUKc"
2021-03-09 17:21:38.018 firefox-bin[12388:1396946] Warning: Expected min height of view: (<NSButton: 0x13a5c9400>) to be less than or equal to 30 but got a height of 32.000000. This error will be logged once per view in violation.
2021-03-09 17:21:38.018 firefox-bin[12388:1396946] Warning: Expected min height of view: (<NSButton: 0x13a873800>) to be less than or equal to 30 but got a height of 32.000000. This error will be logged once per view in violation.
2021-03-09 17:21:38.019 firefox-bin[12388:1396946] Warning: Expected min height of view: (<NSButton: 0x13a876400>) to be less than or equal to 30 but got a height of 32.000000. This error will be logged once per view in violation.
2021-03-09 17:21:38.019 firefox-bin[12388:1396946] Warning: Expected min height of view: (<NSButton: 0x13a874c00>) to be less than or equal to 30 but got a height of 32.000000. This error will be logged once per view in violation.
2021-03-09 17:21:38.020 firefox-bin[12388:1396946] Warning: Expected min height of view: (<NSButton: 0x13a876800>) to be less than or equal to 30 but got a height of 32.000000. This error will be logged once per view in violation.
2021-03-09 17:21:38.020 firefox-bin[12388:1396946] Warning: Expected min height of view: (<NSPopoverTouchBarItemButton: 0x13a86f400>) to be less than or equal to 30 but got a height of 32.000000. This error will be logged once per view in violation.
2021-03-09 17:21:38.021 firefox-bin[12388:1396946] Warning: Expected min height of view: (<NSPopoverTouchBarItemButton: 0x13a87dc00>) to be less than or equal to 30 but got a height of 32.000000. This error will be logged once per view in violation.
2021-03-09 17:21:38.048 firefox-bin[12387:1396945] Warning: Expected min height of view: (<NSButton: 0x139887000>) to be less than or equal to 30 but got a height of 32.000000. This error will be logged once per view in violation.
2021-03-09 17:21:38.049 firefox-bin[12387:1396945] Warning: Expected min height of view: (<NSButton: 0x13988f400>) to be less than or equal to 30 but got a height of 32.000000. This error will be logged once per view in violation.
2021-03-09 17:21:38.049 firefox-bin[12387:1396945] Warning: Expected min height of view: (<NSButton: 0x13988dc00>) to be less than or equal to 30 but got a height of 32.000000. This error will be logged once per view in violation.
2021-03-09 17:21:38.050 firefox-bin[12387:1396945] Warning: Expected min height of view: (<NSButton: 0x13988e800>) to be less than or equal to 30 but got a height of 32.000000. This error will be logged once per view in violation.
2021-03-09 17:21:38.050 firefox-bin[12387:1396945] Warning: Expected min height of view: (<NSButton: 0x13988e400>) to be less than or equal to 30 but got a height of 32.000000. This error will be logged once per view in violation.
2021-03-09 17:21:38.051 firefox-bin[12387:1396945] Warning: Expected min height of view: (<NSPopoverTouchBarItemButton: 0x13988ec00>) to be less than or equal to 30 but got a height of 32.000000. This error will be logged once per view in violation.
2021-03-09 17:21:38.051 firefox-bin[12387:1396945] Warning: Expected min height of view: (<NSPopoverTouchBarItemButton: 0x139eda800>) to be less than or equal to 30 but got a height of 32.000000. This error will be logged once per view in violation.
console.warn: SearchSettings: "get: No settings file exists, new profile?" (new Error("", "(unknown module)"))
console.warn: SearchSettings: "get: No settings file exists, new profile?" (new Error("", "(unknown module)"))
1615290699078	Marionette	INFO	Listening on port 60309
1615290699090	Marionette	INFO	Listening on port 60310
1615290699140	Marionette	WARN	TLS certificate errors will be ignored for this session
1615290699149	Marionette	WARN	TLS certificate errors will be ignored for this session
1615290716277	Marionette	INFO	Stopped listening on port 60309

###!!! [Parent][RunMessage] Error: Channel closing: too late to send/recv, messages will be lost

1615290718790	Marionette	INFO	Stopped listening on port 60310

###!!! [Parent][RunMessage] Error: Channel closing: too late to send/recv, messages will be lost

1615290725035	geckodriver	INFO	Listening on 127.0.0.1:60440
1615290725036	geckodriver	INFO	Listening on 127.0.0.1:60441
1615290725051	mozrunner::runner	INFO	Running command: "/Applications/Firefox.app/Contents/MacOS/firefox-bin" "--marionette" "-foreground" "-no-remote" "-profile" "/var/folders/vp/yg4fkfm91_3c46ctnh5dtpbh0000gn/T/rust_mozprofilednBSkh"
1615290725051	mozrunner::runner	INFO	Running command: "/Applications/Firefox.app/Contents/MacOS/firefox-bin" "--marionette" "-foreground" "-no-remote" "-profile" "/var/folders/vp/yg4fkfm91_3c46ctnh5dtpbh0000gn/T/rust_mozprofilezyAdLN"
2021-03-09 17:22:06.522 firefox-bin[12423:1397930] Warning: Expected min height of view: (<NSButton: 0x1407f8400>) to be less than or equal to 30 but got a height of 32.000000. This error will be logged once per view in violation.
2021-03-09 17:22:06.523 firefox-bin[12423:1397930] Warning: Expected min height of view: (<NSButton: 0x1407f6400>) to be less than or equal to 30 but got a height of 32.000000. This error will be logged once per view in violation.
2021-03-09 17:22:06.523 firefox-bin[12423:1397930] Warning: Expected min height of view: (<NSButton: 0x140a77c00>) to be less than or equal to 30 but got a height of 32.000000. This error will be logged once per view in violation.
2021-03-09 17:22:06.524 firefox-bin[12423:1397930] Warning: Expected min height of view: (<NSButton: 0x140a78000>) to be less than or equal to 30 but got a height of 32.000000. This error will be logged once per view in violation.
2021-03-09 17:22:06.524 firefox-bin[12423:1397930] Warning: Expected min height of view: (<NSButton: 0x140a71800>) to be less than or equal to 30 but got a height of 32.000000. This error will be logged once per view in violation.
2021-03-09 17:22:06.524 firefox-bin[12424:1397931] Warning: Expected min height of view: (<NSButton: 0x13fea1000>) to be less than or equal to 30 but got a height of 32.000000. This error will be logged once per view in violation.
2021-03-09 17:22:06.525 firefox-bin[12423:1397930] Warning: Expected min height of view: (<NSPopoverTouchBarItemButton: 0x140a70800>) to be less than or equal to 30 but got a height of 32.000000. This error will be logged once per view in violation.
2021-03-09 17:22:06.525 firefox-bin[12424:1397931] Warning: Expected min height of view: (<NSButton: 0x13fea7000>) to be less than or equal to 30 but got a height of 32.000000. This error will be logged once per view in violation.
2021-03-09 17:22:06.525 firefox-bin[12423:1397930] Warning: Expected min height of view: (<NSPopoverTouchBarItemButton: 0x140a7d400>) to be less than or equal to 30 but got a height of 32.000000. This error will be logged once per view in violation.
2021-03-09 17:22:06.525 firefox-bin[12424:1397931] Warning: Expected min height of view: (<NSButton: 0x13fead000>) to be less than or equal to 30 but got a height of 32.000000. This error will be logged once per view in violation.
2021-03-09 17:22:06.526 firefox-bin[12424:1397931] Warning: Expected min height of view: (<NSButton: 0x13fead800>) to be less than or equal to 30 but got a height of 32.000000. This error will be logged once per view in violation.
2021-03-09 17:22:06.527 firefox-bin[12424:1397931] Warning: Expected min height of view: (<NSButton: 0x13feac800>) to be less than or equal to 30 but got a height of 32.000000. This error will be logged once per view in violation.
2021-03-09 17:22:06.527 firefox-bin[12424:1397931] Warning: Expected min height of view: (<NSPopoverTouchBarItemButton: 0x13fea7c00>) to be less than or equal to 30 but got a height of 32.000000. This error will be logged once per view in violation.
2021-03-09 17:22:06.528 firefox-bin[12424:1397931] Warning: Expected min height of view: (<NSPopoverTouchBarItemButton: 0x1403da400>) to be less than or equal to 30 but got a height of 32.000000. This error will be logged once per view in violation.
console.warn: SearchSettings: "get: No settings file exists, new profile?" (new Error("", "(unknown module)"))
console.warn: SearchSettings: "get: No settings file exists, new profile?" (new Error("", "(unknown module)"))
1615290727567	Marionette	INFO	Listening on port 60450
1615290727602	Marionette	INFO	Listening on port 60451
1615290727633	Marionette	WARN	TLS certificate errors will be ignored for this session
1615290727634	Marionette	WARN	TLS certificate errors will be ignored for this session
1615290730676	Marionette	INFO	Stopped listening on port 60450

###!!! [Parent][RunMessage] Error: Channel closing: too late to send/recv, messages will be lost

1615290737172	Marionette	INFO	Stopped listening on port 60451

###!!! [Parent][RunMessage] Error: Channel closing: too late to send/recv, messages will be lost

